<?xml version="1.0" encoding="UTF-8"?>
<!-- Generated by org.testng.reporters.JUnitReportReporter -->
<testsuite hostname="W10440" name="study.test.FirstTest" tests="1" failures="0" timestamp="5 Mar 2017 14:21:44 GMT" time="0.000" errors="0">
  <testcase name="test1" time="0.000" classname="study.test.FirstTest"/>
</testsuite> <!-- study.test.FirstTest -->
